1                    U.S. GEOLOGICAL SURVEY MODULAR FINITE-DIFFERENCE GROUND-WATER MODEL
0Example problem for use of TLK1 package:                                        Problem 1-Storage depletion                     
    4 LAYERS         1 ROWS        13 COLUMNS
   1 STRESS PERIOD(S) IN SIMULATION
 MODEL TIME UNIT IS DAYS
0I/O UNITS:
 ELEMENT OF IUNIT:  1  2  3  4  5  6  7  8  9 10 11 12 13 14 15 16 17 18 19 20 21 22 23 24
         I/O UNIT:  7  0  0  0  0  9  0  0 12  0  0 60  0  0  0  0  0  0  0  0  0  0  0  0
0BAS1 -- BASIC MODEL PACKAGE, VERSION 1, 9/1/87 INPUT READ FROM UNIT  5
 ARRAYS RHS AND BUFF WILL SHARE MEMORY.
 START HEAD WILL BE SAVED
      537 ELEMENTS IN X ARRAY ARE USED BY BAS
      537 ELEMENTS OF X ARRAY USED OUT OF 1500000
0BCF3 -- BLOCK-CENTERED FLOW PACKAGE, VERSION 3, 7/9/92 INPUT READ FROM UNIT  7
 TRANSIENT SIMULATION
 HEAD AT CELLS THAT CONVERT TO DRY=  0.00000E+00
 WETTING CAPABILITY IS NOT ACTIVE
      LAYER  AQUIFER TYPE    INTERBLOCK T
      -------------------------------------
         1         0         0-HARMONIC    
         2         0         0-HARMONIC    
         3         0         0-HARMONIC    
         4         0         0-HARMONIC    
       56 ELEMENTS IN X ARRAY ARE USED BY BCF
      593 ELEMENTS OF X ARRAY USED OUT OF 1500000
0TLK1--TRANSIENT LEAKAGE PACKAGE, VERSION 1, 04/07/93
   2 CONFINING UNITS INCLUDE TRANSIENT LEAKAGE
 CELL-BY-CELL FLOWS WILL BE RECORDED ON UNIT 63
 NUMBER OF TERMS IN M1 SERIES IS 2
    372ELEMENTS IN X ARRAY ARE USED FOR TRANSIENT LEAKAGE
    965ELEMENTS OF X ARRAY USED OUT OF 1500000
0SIP1 -- STRONGLY IMPLICIT PROCEDURE SOLUTION PACKAGE, VERSION 1, 9/1/87 INPUT READ FROM UNIT 12
 MAXIMUM OF 120 ITERATIONS ALLOWED FOR CLOSURE
  5 ITERATION PARAMETERS
      693 ELEMENTS IN X ARRAY ARE USED BY SIP
     1658 ELEMENTS OF X ARRAY USED OUT OF 1500000
1Example problem for use of TLK1 package:                                        Problem 1-Storage depletion                     
0


                                        BOUNDARY ARRAY FOR LAYER  1 WILL BE READ ON UNIT  5 USING FORMAT: (13I3)              
                              ------------------------------------------------------------------------------------------------

            1           2           3           4           5           6           7           8           9          10
           11          12          13
 .............................................................................................................................
0  1           -1           1           1           1           1           1           1           1           1           1
                1           1          -1
0


                                        BOUNDARY ARRAY FOR LAYER  2 WILL BE READ ON UNIT  5 USING FORMAT: (13I3)              
                              ------------------------------------------------------------------------------------------------

            1           2           3           4           5           6           7           8           9          10
           11          12          13
 .............................................................................................................................
0  1           -1           1           1           1           1           1           1           1           1           1
                1           1          -1
0


                                        BOUNDARY ARRAY FOR LAYER  3 WILL BE READ ON UNIT  5 USING FORMAT: (13I3)              
                              ------------------------------------------------------------------------------------------------

            1           2           3           4           5           6           7           8           9          10
           11          12          13
 .............................................................................................................................
0  1           -1           1           1           1           1           1           1           1           1           1
                1           1          -1
0


                                        BOUNDARY ARRAY FOR LAYER  4 WILL BE READ ON UNIT  5 USING FORMAT: (13I3)              
                              ------------------------------------------------------------------------------------------------

            1           2           3           4           5           6           7           8           9          10
           11          12          13
 .............................................................................................................................
0  1           -1           1           1           1           1           1           1           1           1           1
                1           1          -1
0AQUIFER HEAD WILL BE SET TO 0.00000E+00 AT ALL NO-FLOW NODES (IBOUND=0).
0


                                          INITIAL HEAD FOR LAYER  1 WILL BE READ ON UNIT  5 USING FORMAT: (13F5.0)            
                              ------------------------------------------------------------------------------------------------

            1           2           3           4           5           6           7           8           9          10
           11          12          13
 .............................................................................................................................
0  1   0.0000E+00   11.00       12.00       13.00       14.00       15.00       16.00       17.00       18.00       19.00    
        20.00       21.00       12.00    
0


                                          INITIAL HEAD FOR LAYER  2 WILL BE READ ON UNIT  5 USING FORMAT: (13F5.0)            
                              ------------------------------------------------------------------------------------------------

            1           2           3           4           5           6           7           8           9          10
           11          12          13
 .............................................................................................................................
0  1   0.0000E+00   11.00       12.00       13.00       14.00       15.00       16.00       17.00       18.00       19.00    
        20.00       21.00       12.00    
0


                                          INITIAL HEAD FOR LAYER  3 WILL BE READ ON UNIT  5 USING FORMAT: (13F5.0)            
                              ------------------------------------------------------------------------------------------------

            1           2           3           4           5           6           7           8           9          10
           11          12          13
 .............................................................................................................................
0  1   0.0000E+00   11.00       12.00       13.00       14.00       15.00       16.00       17.00       18.00       19.00    
        20.00       21.00       12.00    
0


                                          INITIAL HEAD FOR LAYER  4 WILL BE READ ON UNIT  5 USING FORMAT: (13F5.0)            
                              ------------------------------------------------------------------------------------------------

            1           2           3           4           5           6           7           8           9          10
           11          12          13
 .............................................................................................................................
0  1   0.0000E+00   11.00       12.00       13.00       14.00       15.00       16.00       17.00       18.00       19.00    
        20.00       21.00       12.00    
0HEAD PRINT FORMAT IS FORMAT NUMBER   6    DRAWDOWN PRINT FORMAT IS FORMAT NUMBER   6
0HEADS WILL BE SAVED ON UNIT 61    DRAWDOWNS WILL BE SAVED ON UNIT 61
0OUTPUT CONTROL IS SPECIFIED EVERY TIME STEP
0                                                    COLUMN TO ROW ANISOTROPY =   1.000000    
0                                                                        DELR =   1000.000    
0                                                                        DELC =   1000.000    
0                                                        PRIMARY STORAGE COEF =  0.2000000E-03 FOR LAYER  1
0                                                        TRANSMIS. ALONG ROWS =   2500.000     FOR LAYER  1
0                                                    VERT HYD COND /THICKNESS =  0.0000000E+00 FOR LAYER  1
0                                                        PRIMARY STORAGE COEF =  0.2000000E-03 FOR LAYER  2
0                                                        TRANSMIS. ALONG ROWS =   2500.000     FOR LAYER  2
0                                                    VERT HYD COND /THICKNESS =  0.4000000E-03 FOR LAYER  2
0                                                        PRIMARY STORAGE COEF =  0.2000000E-03 FOR LAYER  3
0                                                        TRANSMIS. ALONG ROWS =   2500.000     FOR LAYER  3
0                                                    VERT HYD COND /THICKNESS =  0.0000000E+00 FOR LAYER  3
0                                                        PRIMARY STORAGE COEF =  0.2000000E-03 FOR LAYER  4
0                                                        TRANSMIS. ALONG ROWS =   2500.000     FOR LAYER  4
0     The following confining units with transient leakage are active:
                       Model     Model
        Confining      layer     layer
           unit        above     below
      ----------------------------------
            1            1         2
            2            3         4

0                                                       VERTICAL CONDUCTIVITY =  0.1000000E-01 FOR LAYER  1
0                                                     CONFINING BED THICKNESS =   25.00000     FOR LAYER  1
0                                                            SPECIFIC STORAGE =  0.1000000E-04 FOR LAYER  1
0                                                       VERTICAL CONDUCTIVITY =  0.1000000E-01 FOR LAYER  3
0                                                     CONFINING BED THICKNESS =   25.00000     FOR LAYER  3
0                                                            SPECIFIC STORAGE =  0.1000000E-04 FOR LAYER  3
0


                                                         SOLUTION BY THE STRONGLY IMPLICIT PROCEDURE
                                                         -------------------------------------------
0                                               MAXIMUM ITERATIONS ALLOWED FOR CLOSURE =      120
                                                                ACCELERATION PARAMETER =     1.0000    
                                                     HEAD CHANGE CRITERION FOR CLOSURE =    0.10000E-04
                                                     SIP HEAD CHANGE PRINTOUT INTERVAL =        5
0                                                    CALCULATE ITERATION PARAMETERS FROM MODEL CALCULATED WSEED
1                                                   STRESS PERIOD NO.   1, LENGTH =   100.0000    
                                                    ----------------------------------------------

                                                    NUMBER OF TIME STEPS =    40

                                                     MULTIPLIER FOR DELT =     1.000

                                                  INITIAL TIME STEP SIZE =   2.500000    
0AVERAGE SEED = 0.02524518
 MINIMUM SEED = 0.02517243
0
    5 ITERATION PARAMETERS CALCULATED FROM AVERAGE SEED:

            0.0000000E+00  0.6013933E+00  0.8411127E+00  0.9366664E+00  0.9747548E+00
0
    10 ITERATIONS FOR TIME STEP   1 IN STRESS PERIOD  1
0HEAD/DRAWDOWN PRINTOUT FLAG = 1     TOTAL BUDGET PRINTOUT FLAG = 0     CELL-BY-CELL FLOW TERM FLAG = 1
0OUTPUT FLAGS FOR EACH LAYER:
          HEAD    DRAWDOWN  HEAD  DRAWDOWN
 LAYER  PRINTOUT  PRINTOUT  SAVE    SAVE
 -----------------------------------------
    1       0         0       0       0
    2       0         0       0       1
    3       0         0       0       0
    4       0         0       0       0
 "    C.B. STORAGE" BUDGET VALUES WILL BE SAVED ON UNIT 63 AT END OF TIME STEP  1, STRESS PERIOD  1
 "     FLOW IN TOP" BUDGET VALUES WILL BE SAVED ON UNIT 63 AT END OF TIME STEP  1, STRESS PERIOD  1
 "    FLOW IN BASE" BUDGET VALUES WILL BE SAVED ON UNIT 63 AT END OF TIME STEP  1, STRESS PERIOD  1
0DRAWDOWN WILL BE SAVED ON UNIT 61 AT END OF TIME STEP  1, STRESS PERIOD  1
     9 ITERATIONS FOR TIME STEP   2 IN STRESS PERIOD  1
0HEAD/DRAWDOWN PRINTOUT FLAG = 1     TOTAL BUDGET PRINTOUT FLAG = 0     CELL-BY-CELL FLOW TERM FLAG = 1
 REUSING PREVIOUS VALUES OF IOFLG
 "    C.B. STORAGE" BUDGET VALUES WILL BE SAVED ON UNIT 63 AT END OF TIME STEP  2, STRESS PERIOD  1
 "     FLOW IN TOP" BUDGET VALUES WILL BE SAVED ON UNIT 63 AT END OF TIME STEP  2, STRESS PERIOD  1
 "    FLOW IN BASE" BUDGET VALUES WILL BE SAVED ON UNIT 63 AT END OF TIME STEP  2, STRESS PERIOD  1
0DRAWDOWN WILL BE SAVED ON UNIT 61 AT END OF TIME STEP  2, STRESS PERIOD  1
     9 ITERATIONS FOR TIME STEP   3 IN STRESS PERIOD  1
0HEAD/DRAWDOWN PRINTOUT FLAG = 1     TOTAL BUDGET PRINTOUT FLAG = 0     CELL-BY-CELL FLOW TERM FLAG = 1
 REUSING PREVIOUS VALUES OF IOFLG
 "    C.B. STORAGE" BUDGET VALUES WILL BE SAVED ON UNIT 63 AT END OF TIME STEP  3, STRESS PERIOD  1
 "     FLOW IN TOP" BUDGET VALUES WILL BE SAVED ON UNIT 63 AT END OF TIME STEP  3, STRESS PERIOD  1
 "    FLOW IN BASE" BUDGET VALUES WILL BE SAVED ON UNIT 63 AT END OF TIME STEP  3, STRESS PERIOD  1
0DRAWDOWN WILL BE SAVED ON UNIT 61 AT END OF TIME STEP  3, STRESS PERIOD  1
     8 ITERATIONS FOR TIME STEP   4 IN STRESS PERIOD  1
0HEAD/DRAWDOWN PRINTOUT FLAG = 1     TOTAL BUDGET PRINTOUT FLAG = 0     CELL-BY-CELL FLOW TERM FLAG = 1
 REUSING PREVIOUS VALUES OF IOFLG
 "    C.B. STORAGE" BUDGET VALUES WILL BE SAVED ON UNIT 63 AT END OF TIME STEP  4, STRESS PERIOD  1
 "     FLOW IN TOP" BUDGET VALUES WILL BE SAVED ON UNIT 63 AT END OF TIME STEP  4, STRESS PERIOD  1
 "    FLOW IN BASE" BUDGET VALUES WILL BE SAVED ON UNIT 63 AT END OF TIME STEP  4, STRESS PERIOD  1
0DRAWDOWN WILL BE SAVED ON UNIT 61 AT END OF TIME STEP  4, STRESS PERIOD  1
     7 ITERATIONS FOR TIME STEP   5 IN STRESS PERIOD  1
0MAXIMUM HEAD CHANGE FOR EACH ITERATION:
0 HEAD CHANGE LAYER,ROW,COL HEAD CHANGE LAYER,ROW,COL HEAD CHANGE LAYER,ROW,COL HEAD CHANGE LAYER,ROW,COL HEAD CHANGE LAYER,ROW,COL
 ------------------------------------------------------------------------------------------------------------------------------------
  -0.1398     (  4,  1,  7) -0.8872E-01 (  2,  1,  7) -0.4275E-01 (  3,  1,  7) -0.1222E-01 (  2,  1,  8) -0.1467E-02 (  4,  1,  9)
  -0.4140E-04 (  2,  1, 12)  0.8596E-05 (  2,  1,  6)
0
0HEAD/DRAWDOWN PRINTOUT FLAG = 1     TOTAL BUDGET PRINTOUT FLAG = 0     CELL-BY-CELL FLOW TERM FLAG = 1
 REUSING PREVIOUS VALUES OF IOFLG
 "    C.B. STORAGE" BUDGET VALUES WILL BE SAVED ON UNIT 63 AT END OF TIME STEP  5, STRESS PERIOD  1
 "     FLOW IN TOP" BUDGET VALUES WILL BE SAVED ON UNIT 63 AT END OF TIME STEP  5, STRESS PERIOD  1
 "    FLOW IN BASE" BUDGET VALUES WILL BE SAVED ON UNIT 63 AT END OF TIME STEP  5, STRESS PERIOD  1
0DRAWDOWN WILL BE SAVED ON UNIT 61 AT END OF TIME STEP  5, STRESS PERIOD  1
     7 ITERATIONS FOR TIME STEP   6 IN STRESS PERIOD  1
0HEAD/DRAWDOWN PRINTOUT FLAG = 1     TOTAL BUDGET PRINTOUT FLAG = 0     CELL-BY-CELL FLOW TERM FLAG = 1
 REUSING PREVIOUS VALUES OF IOFLG
 "    C.B. STORAGE" BUDGET VALUES WILL BE SAVED ON UNIT 63 AT END OF TIME STEP  6, STRESS PERIOD  1
 "     FLOW IN TOP" BUDGET VALUES WILL BE SAVED ON UNIT 63 AT END OF TIME STEP  6, STRESS PERIOD  1
 "    FLOW IN BASE" BUDGET VALUES WILL BE SAVED ON UNIT 63 AT END OF TIME STEP  6, STRESS PERIOD  1
0DRAWDOWN WILL BE SAVED ON UNIT 61 AT END OF TIME STEP  6, STRESS PERIOD  1
     6 ITERATIONS FOR TIME STEP   7 IN STRESS PERIOD  1
0HEAD/DRAWDOWN PRINTOUT FLAG = 1     TOTAL BUDGET PRINTOUT FLAG = 0     CELL-BY-CELL FLOW TERM FLAG = 1
 REUSING PREVIOUS VALUES OF IOFLG
 "    C.B. STORAGE" BUDGET VALUES WILL BE SAVED ON UNIT 63 AT END OF TIME STEP  7, STRESS PERIOD  1
 "     FLOW IN TOP" BUDGET VALUES WILL BE SAVED ON UNIT 63 AT END OF TIME STEP  7, STRESS PERIOD  1
 "    FLOW IN BASE" BUDGET VALUES WILL BE SAVED ON UNIT 63 AT END OF TIME STEP  7, STRESS PERIOD  1
0DRAWDOWN WILL BE SAVED ON UNIT 61 AT END OF TIME STEP  7, STRESS PERIOD  1
     6 ITERATIONS FOR TIME STEP   8 IN STRESS PERIOD  1
0HEAD/DRAWDOWN PRINTOUT FLAG = 1     TOTAL BUDGET PRINTOUT FLAG = 0     CELL-BY-CELL FLOW TERM FLAG = 1
 REUSING PREVIOUS VALUES OF IOFLG
 "    C.B. STORAGE" BUDGET VALUES WILL BE SAVED ON UNIT 63 AT END OF TIME STEP  8, STRESS PERIOD  1
 "     FLOW IN TOP" BUDGET VALUES WILL BE SAVED ON UNIT 63 AT END OF TIME STEP  8, STRESS PERIOD  1
 "    FLOW IN BASE" BUDGET VALUES WILL BE SAVED ON UNIT 63 AT END OF TIME STEP  8, STRESS PERIOD  1
0DRAWDOWN WILL BE SAVED ON UNIT 61 AT END OF TIME STEP  8, STRESS PERIOD  1
     6 ITERATIONS FOR TIME STEP   9 IN STRESS PERIOD  1
0HEAD/DRAWDOWN PRINTOUT FLAG = 1     TOTAL BUDGET PRINTOUT FLAG = 0     CELL-BY-CELL FLOW TERM FLAG = 1
 REUSING PREVIOUS VALUES OF IOFLG
 "    C.B. STORAGE" BUDGET VALUES WILL BE SAVED ON UNIT 63 AT END OF TIME STEP  9, STRESS PERIOD  1
 "     FLOW IN TOP" BUDGET VALUES WILL BE SAVED ON UNIT 63 AT END OF TIME STEP  9, STRESS PERIOD  1
 "    FLOW IN BASE" BUDGET VALUES WILL BE SAVED ON UNIT 63 AT END OF TIME STEP  9, STRESS PERIOD  1
0DRAWDOWN WILL BE SAVED ON UNIT 61 AT END OF TIME STEP  9, STRESS PERIOD  1
     6 ITERATIONS FOR TIME STEP  10 IN STRESS PERIOD  1
0MAXIMUM HEAD CHANGE FOR EACH ITERATION:
0 HEAD CHANGE LAYER,ROW,COL HEAD CHANGE LAYER,ROW,COL HEAD CHANGE LAYER,ROW,COL HEAD CHANGE LAYER,ROW,COL HEAD CHANGE LAYER,ROW,COL
 ------------------------------------------------------------------------------------------------------------------------------------
  -0.2125E-02 (  4,  1,  7) -0.1347E-02 (  2,  1,  7) -0.6492E-03 (  3,  1,  7) -0.1856E-03 (  2,  1,  8) -0.2230E-04 (  4,  1,  9)
  -0.6087E-06 (  2,  1, 12)
0
0HEAD/DRAWDOWN PRINTOUT FLAG = 1     TOTAL BUDGET PRINTOUT FLAG = 0     CELL-BY-CELL FLOW TERM FLAG = 1
 REUSING PREVIOUS VALUES OF IOFLG
 "    C.B. STORAGE" BUDGET VALUES WILL BE SAVED ON UNIT 63 AT END OF TIME STEP 10, STRESS PERIOD  1
 "     FLOW IN TOP" BUDGET VALUES WILL BE SAVED ON UNIT 63 AT END OF TIME STEP 10, STRESS PERIOD  1
 "    FLOW IN BASE" BUDGET VALUES WILL BE SAVED ON UNIT 63 AT END OF TIME STEP 10, STRESS PERIOD  1
0DRAWDOWN WILL BE SAVED ON UNIT 61 AT END OF TIME STEP 10, STRESS PERIOD  1
     5 ITERATIONS FOR TIME STEP  11 IN STRESS PERIOD  1
0HEAD/DRAWDOWN PRINTOUT FLAG = 1     TOTAL BUDGET PRINTOUT FLAG = 0     CELL-BY-CELL FLOW TERM FLAG = 1
 REUSING PREVIOUS VALUES OF IOFLG
 "    C.B. STORAGE" BUDGET VALUES WILL BE SAVED ON UNIT 63 AT END OF TIME STEP 11, STRESS PERIOD  1
 "     FLOW IN TOP" BUDGET VALUES WILL BE SAVED ON UNIT 63 AT END OF TIME STEP 11, STRESS PERIOD  1
 "    FLOW IN BASE" BUDGET VALUES WILL BE SAVED ON UNIT 63 AT END OF TIME STEP 11, STRESS PERIOD  1
0DRAWDOWN WILL BE SAVED ON UNIT 61 AT END OF TIME STEP 11, STRESS PERIOD  1
     5 ITERATIONS FOR TIME STEP  12 IN STRESS PERIOD  1
0HEAD/DRAWDOWN PRINTOUT FLAG = 1     TOTAL BUDGET PRINTOUT FLAG = 0     CELL-BY-CELL FLOW TERM FLAG = 1
 REUSING PREVIOUS VALUES OF IOFLG
 "    C.B. STORAGE" BUDGET VALUES WILL BE SAVED ON UNIT 63 AT END OF TIME STEP 12, STRESS PERIOD  1
 "     FLOW IN TOP" BUDGET VALUES WILL BE SAVED ON UNIT 63 AT END OF TIME STEP 12, STRESS PERIOD  1
 "    FLOW IN BASE" BUDGET VALUES WILL BE SAVED ON UNIT 63 AT END OF TIME STEP 12, STRESS PERIOD  1
0DRAWDOWN WILL BE SAVED ON UNIT 61 AT END OF TIME STEP 12, STRESS PERIOD  1
     5 ITERATIONS FOR TIME STEP  13 IN STRESS PERIOD  1
0HEAD/DRAWDOWN PRINTOUT FLAG = 1     TOTAL BUDGET PRINTOUT FLAG = 0     CELL-BY-CELL FLOW TERM FLAG = 1
 REUSING PREVIOUS VALUES OF IOFLG
 "    C.B. STORAGE" BUDGET VALUES WILL BE SAVED ON UNIT 63 AT END OF TIME STEP 13, STRESS PERIOD  1
 "     FLOW IN TOP" BUDGET VALUES WILL BE SAVED ON UNIT 63 AT END OF TIME STEP 13, STRESS PERIOD  1
 "    FLOW IN BASE" BUDGET VALUES WILL BE SAVED ON UNIT 63 AT END OF TIME STEP 13, STRESS PERIOD  1
0DRAWDOWN WILL BE SAVED ON UNIT 61 AT END OF TIME STEP 13, STRESS PERIOD  1
     4 ITERATIONS FOR TIME STEP  14 IN STRESS PERIOD  1
0HEAD/DRAWDOWN PRINTOUT FLAG = 1     TOTAL BUDGET PRINTOUT FLAG = 0     CELL-BY-CELL FLOW TERM FLAG = 1
 REUSING PREVIOUS VALUES OF IOFLG
 "    C.B. STORAGE" BUDGET VALUES WILL BE SAVED ON UNIT 63 AT END OF TIME STEP 14, STRESS PERIOD  1
 "     FLOW IN TOP" BUDGET VALUES WILL BE SAVED ON UNIT 63 AT END OF TIME STEP 14, STRESS PERIOD  1
 "    FLOW IN BASE" BUDGET VALUES WILL BE SAVED ON UNIT 63 AT END OF TIME STEP 14, STRESS PERIOD  1
0DRAWDOWN WILL BE SAVED ON UNIT 61 AT END OF TIME STEP 14, STRESS PERIOD  1
     3 ITERATIONS FOR TIME STEP  15 IN STRESS PERIOD  1
0MAXIMUM HEAD CHANGE FOR EACH ITERATION:
0 HEAD CHANGE LAYER,ROW,COL HEAD CHANGE LAYER,ROW,COL HEAD CHANGE LAYER,ROW,COL HEAD CHANGE LAYER,ROW,COL HEAD CHANGE LAYER,ROW,COL
 ------------------------------------------------------------------------------------------------------------------------------------
  -0.3241E-04 (  4,  1,  7) -0.2061E-04 (  2,  1,  7) -0.9968E-05 (  3,  1,  7)
0
0HEAD/DRAWDOWN PRINTOUT FLAG = 1     TOTAL BUDGET PRINTOUT FLAG = 0     CELL-BY-CELL FLOW TERM FLAG = 1
 REUSING PREVIOUS VALUES OF IOFLG
 "    C.B. STORAGE" BUDGET VALUES WILL BE SAVED ON UNIT 63 AT END OF TIME STEP 15, STRESS PERIOD  1
 "     FLOW IN TOP" BUDGET VALUES WILL BE SAVED ON UNIT 63 AT END OF TIME STEP 15, STRESS PERIOD  1
 "    FLOW IN BASE" BUDGET VALUES WILL BE SAVED ON UNIT 63 AT END OF TIME STEP 15, STRESS PERIOD  1
0DRAWDOWN WILL BE SAVED ON UNIT 61 AT END OF TIME STEP 15, STRESS PERIOD  1
     2 ITERATIONS FOR TIME STEP  16 IN STRESS PERIOD  1
0HEAD/DRAWDOWN PRINTOUT FLAG = 1     TOTAL BUDGET PRINTOUT FLAG = 0     CELL-BY-CELL FLOW TERM FLAG = 1
 REUSING PREVIOUS VALUES OF IOFLG
 "    C.B. STORAGE" BUDGET VALUES WILL BE SAVED ON UNIT 63 AT END OF TIME STEP 16, STRESS PERIOD  1
 "     FLOW IN TOP" BUDGET VALUES WILL BE SAVED ON UNIT 63 AT END OF TIME STEP 16, STRESS PERIOD  1
 "    FLOW IN BASE" BUDGET VALUES WILL BE SAVED ON UNIT 63 AT END OF TIME STEP 16, STRESS PERIOD  1
0DRAWDOWN WILL BE SAVED ON UNIT 61 AT END OF TIME STEP 16, STRESS PERIOD  1
     1 ITERATIONS FOR TIME STEP  17 IN STRESS PERIOD  1
0HEAD/DRAWDOWN PRINTOUT FLAG = 1     TOTAL BUDGET PRINTOUT FLAG = 0     CELL-BY-CELL FLOW TERM FLAG = 1
 REUSING PREVIOUS VALUES OF IOFLG
 "    C.B. STORAGE" BUDGET VALUES WILL BE SAVED ON UNIT 63 AT END OF TIME STEP 17, STRESS PERIOD  1
 "     FLOW IN TOP" BUDGET VALUES WILL BE SAVED ON UNIT 63 AT END OF TIME STEP 17, STRESS PERIOD  1
 "    FLOW IN BASE" BUDGET VALUES WILL BE SAVED ON UNIT 63 AT END OF TIME STEP 17, STRESS PERIOD  1
0DRAWDOWN WILL BE SAVED ON UNIT 61 AT END OF TIME STEP 17, STRESS PERIOD  1
     1 ITERATIONS FOR TIME STEP  18 IN STRESS PERIOD  1
0HEAD/DRAWDOWN PRINTOUT FLAG = 1     TOTAL BUDGET PRINTOUT FLAG = 0     CELL-BY-CELL FLOW TERM FLAG = 1
 REUSING PREVIOUS VALUES OF IOFLG
 "    C.B. STORAGE" BUDGET VALUES WILL BE SAVED ON UNIT 63 AT END OF TIME STEP 18, STRESS PERIOD  1
 "     FLOW IN TOP" BUDGET VALUES WILL BE SAVED ON UNIT 63 AT END OF TIME STEP 18, STRESS PERIOD  1
 "    FLOW IN BASE" BUDGET VALUES WILL BE SAVED ON UNIT 63 AT END OF TIME STEP 18, STRESS PERIOD  1
0DRAWDOWN WILL BE SAVED ON UNIT 61 AT END OF TIME STEP 18, STRESS PERIOD  1
     1 ITERATIONS FOR TIME STEP  19 IN STRESS PERIOD  1
0HEAD/DRAWDOWN PRINTOUT FLAG = 1     TOTAL BUDGET PRINTOUT FLAG = 0     CELL-BY-CELL FLOW TERM FLAG = 1
 REUSING PREVIOUS VALUES OF IOFLG
 "    C.B. STORAGE" BUDGET VALUES WILL BE SAVED ON UNIT 63 AT END OF TIME STEP 19, STRESS PERIOD  1
 "     FLOW IN TOP" BUDGET VALUES WILL BE SAVED ON UNIT 63 AT END OF TIME STEP 19, STRESS PERIOD  1
 "    FLOW IN BASE" BUDGET VALUES WILL BE SAVED ON UNIT 63 AT END OF TIME STEP 19, STRESS PERIOD  1
0DRAWDOWN WILL BE SAVED ON UNIT 61 AT END OF TIME STEP 19, STRESS PERIOD  1
     1 ITERATIONS FOR TIME STEP  20 IN STRESS PERIOD  1
0MAXIMUM HEAD CHANGE FOR EACH ITERATION:
0 HEAD CHANGE LAYER,ROW,COL HEAD CHANGE LAYER,ROW,COL HEAD CHANGE LAYER,ROW,COL HEAD CHANGE LAYER,ROW,COL HEAD CHANGE LAYER,ROW,COL
 ------------------------------------------------------------------------------------------------------------------------------------
  -0.2853E-05 (  2,  1,  7)
0
0HEAD/DRAWDOWN PRINTOUT FLAG = 1     TOTAL BUDGET PRINTOUT FLAG = 0     CELL-BY-CELL FLOW TERM FLAG = 1
 REUSING PREVIOUS VALUES OF IOFLG
 "    C.B. STORAGE" BUDGET VALUES WILL BE SAVED ON UNIT 63 AT END OF TIME STEP 20, STRESS PERIOD  1
 "     FLOW IN TOP" BUDGET VALUES WILL BE SAVED ON UNIT 63 AT END OF TIME STEP 20, STRESS PERIOD  1
 "    FLOW IN BASE" BUDGET VALUES WILL BE SAVED ON UNIT 63 AT END OF TIME STEP 20, STRESS PERIOD  1
0DRAWDOWN WILL BE SAVED ON UNIT 61 AT END OF TIME STEP 20, STRESS PERIOD  1
     1 ITERATIONS FOR TIME STEP  21 IN STRESS PERIOD  1
0HEAD/DRAWDOWN PRINTOUT FLAG = 1     TOTAL BUDGET PRINTOUT FLAG = 0     CELL-BY-CELL FLOW TERM FLAG = 1
 REUSING PREVIOUS VALUES OF IOFLG
 "    C.B. STORAGE" BUDGET VALUES WILL BE SAVED ON UNIT 63 AT END OF TIME STEP 21, STRESS PERIOD  1
 "     FLOW IN TOP" BUDGET VALUES WILL BE SAVED ON UNIT 63 AT END OF TIME STEP 21, STRESS PERIOD  1
 "    FLOW IN BASE" BUDGET VALUES WILL BE SAVED ON UNIT 63 AT END OF TIME STEP 21, STRESS PERIOD  1
0DRAWDOWN WILL BE SAVED ON UNIT 61 AT END OF TIME STEP 21, STRESS PERIOD  1
     1 ITERATIONS FOR TIME STEP  22 IN STRESS PERIOD  1
0HEAD/DRAWDOWN PRINTOUT FLAG = 1     TOTAL BUDGET PRINTOUT FLAG = 0     CELL-BY-CELL FLOW TERM FLAG = 1
 REUSING PREVIOUS VALUES OF IOFLG
 "    C.B. STORAGE" BUDGET VALUES WILL BE SAVED ON UNIT 63 AT END OF TIME STEP 22, STRESS PERIOD  1
 "     FLOW IN TOP" BUDGET VALUES WILL BE SAVED ON UNIT 63 AT END OF TIME STEP 22, STRESS PERIOD  1
 "    FLOW IN BASE" BUDGET VALUES WILL BE SAVED ON UNIT 63 AT END OF TIME STEP 22, STRESS PERIOD  1
0DRAWDOWN WILL BE SAVED ON UNIT 61 AT END OF TIME STEP 22, STRESS PERIOD  1
     1 ITERATIONS FOR TIME STEP  23 IN STRESS PERIOD  1
0HEAD/DRAWDOWN PRINTOUT FLAG = 1     TOTAL BUDGET PRINTOUT FLAG = 0     CELL-BY-CELL FLOW TERM FLAG = 1
 REUSING PREVIOUS VALUES OF IOFLG
 "    C.B. STORAGE" BUDGET VALUES WILL BE SAVED ON UNIT 63 AT END OF TIME STEP 23, STRESS PERIOD  1
 "     FLOW IN TOP" BUDGET VALUES WILL BE SAVED ON UNIT 63 AT END OF TIME STEP 23, STRESS PERIOD  1
 "    FLOW IN BASE" BUDGET VALUES WILL BE SAVED ON UNIT 63 AT END OF TIME STEP 23, STRESS PERIOD  1
0DRAWDOWN WILL BE SAVED ON UNIT 61 AT END OF TIME STEP 23, STRESS PERIOD  1
     1 ITERATIONS FOR TIME STEP  24 IN STRESS PERIOD  1
0HEAD/DRAWDOWN PRINTOUT FLAG = 1     TOTAL BUDGET PRINTOUT FLAG = 0     CELL-BY-CELL FLOW TERM FLAG = 1
 REUSING PREVIOUS VALUES OF IOFLG
 "    C.B. STORAGE" BUDGET VALUES WILL BE SAVED ON UNIT 63 AT END OF TIME STEP 24, STRESS PERIOD  1
 "     FLOW IN TOP" BUDGET VALUES WILL BE SAVED ON UNIT 63 AT END OF TIME STEP 24, STRESS PERIOD  1
 "    FLOW IN BASE" BUDGET VALUES WILL BE SAVED ON UNIT 63 AT END OF TIME STEP 24, STRESS PERIOD  1
0DRAWDOWN WILL BE SAVED ON UNIT 61 AT END OF TIME STEP 24, STRESS PERIOD  1
     1 ITERATIONS FOR TIME STEP  25 IN STRESS PERIOD  1
0MAXIMUM HEAD CHANGE FOR EACH ITERATION:
0 HEAD CHANGE LAYER,ROW,COL HEAD CHANGE LAYER,ROW,COL HEAD CHANGE LAYER,ROW,COL HEAD CHANGE LAYER,ROW,COL HEAD CHANGE LAYER,ROW,COL
 ------------------------------------------------------------------------------------------------------------------------------------
  -0.6178E-06 (  2,  1,  7)
0
0HEAD/DRAWDOWN PRINTOUT FLAG = 1     TOTAL BUDGET PRINTOUT FLAG = 0     CELL-BY-CELL FLOW TERM FLAG = 1
 REUSING PREVIOUS VALUES OF IOFLG
 "    C.B. STORAGE" BUDGET VALUES WILL BE SAVED ON UNIT 63 AT END OF TIME STEP 25, STRESS PERIOD  1
 "     FLOW IN TOP" BUDGET VALUES WILL BE SAVED ON UNIT 63 AT END OF TIME STEP 25, STRESS PERIOD  1
 "    FLOW IN BASE" BUDGET VALUES WILL BE SAVED ON UNIT 63 AT END OF TIME STEP 25, STRESS PERIOD  1
0DRAWDOWN WILL BE SAVED ON UNIT 61 AT END OF TIME STEP 25, STRESS PERIOD  1
     1 ITERATIONS FOR TIME STEP  26 IN STRESS PERIOD  1
0HEAD/DRAWDOWN PRINTOUT FLAG = 1     TOTAL BUDGET PRINTOUT FLAG = 0     CELL-BY-CELL FLOW TERM FLAG = 1
 REUSING PREVIOUS VALUES OF IOFLG
 "    C.B. STORAGE" BUDGET VALUES WILL BE SAVED ON UNIT 63 AT END OF TIME STEP 26, STRESS PERIOD  1
 "     FLOW IN TOP" BUDGET VALUES WILL BE SAVED ON UNIT 63 AT END OF TIME STEP 26, STRESS PERIOD  1
 "    FLOW IN BASE" BUDGET VALUES WILL BE SAVED ON UNIT 63 AT END OF TIME STEP 26, STRESS PERIOD  1
0DRAWDOWN WILL BE SAVED ON UNIT 61 AT END OF TIME STEP 26, STRESS PERIOD  1
     1 ITERATIONS FOR TIME STEP  27 IN STRESS PERIOD  1
0HEAD/DRAWDOWN PRINTOUT FLAG = 1     TOTAL BUDGET PRINTOUT FLAG = 0     CELL-BY-CELL FLOW TERM FLAG = 1
 REUSING PREVIOUS VALUES OF IOFLG
 "    C.B. STORAGE" BUDGET VALUES WILL BE SAVED ON UNIT 63 AT END OF TIME STEP 27, STRESS PERIOD  1
 "     FLOW IN TOP" BUDGET VALUES WILL BE SAVED ON UNIT 63 AT END OF TIME STEP 27, STRESS PERIOD  1
 "    FLOW IN BASE" BUDGET VALUES WILL BE SAVED ON UNIT 63 AT END OF TIME STEP 27, STRESS PERIOD  1
0DRAWDOWN WILL BE SAVED ON UNIT 61 AT END OF TIME STEP 27, STRESS PERIOD  1
     1 ITERATIONS FOR TIME STEP  28 IN STRESS PERIOD  1
0HEAD/DRAWDOWN PRINTOUT FLAG = 1     TOTAL BUDGET PRINTOUT FLAG = 0     CELL-BY-CELL FLOW TERM FLAG = 1
 REUSING PREVIOUS VALUES OF IOFLG
 "    C.B. STORAGE" BUDGET VALUES WILL BE SAVED ON UNIT 63 AT END OF TIME STEP 28, STRESS PERIOD  1
 "     FLOW IN TOP" BUDGET VALUES WILL BE SAVED ON UNIT 63 AT END OF TIME STEP 28, STRESS PERIOD  1
 "    FLOW IN BASE" BUDGET VALUES WILL BE SAVED ON UNIT 63 AT END OF TIME STEP 28, STRESS PERIOD  1
0DRAWDOWN WILL BE SAVED ON UNIT 61 AT END OF TIME STEP 28, STRESS PERIOD  1
     1 ITERATIONS FOR TIME STEP  29 IN STRESS PERIOD  1
0HEAD/DRAWDOWN PRINTOUT FLAG = 1     TOTAL BUDGET PRINTOUT FLAG = 0     CELL-BY-CELL FLOW TERM FLAG = 1
 REUSING PREVIOUS VALUES OF IOFLG
 "    C.B. STORAGE" BUDGET VALUES WILL BE SAVED ON UNIT 63 AT END OF TIME STEP 29, STRESS PERIOD  1
 "     FLOW IN TOP" BUDGET VALUES WILL BE SAVED ON UNIT 63 AT END OF TIME STEP 29, STRESS PERIOD  1
 "    FLOW IN BASE" BUDGET VALUES WILL BE SAVED ON UNIT 63 AT END OF TIME STEP 29, STRESS PERIOD  1
0DRAWDOWN WILL BE SAVED ON UNIT 61 AT END OF TIME STEP 29, STRESS PERIOD  1
     1 ITERATIONS FOR TIME STEP  30 IN STRESS PERIOD  1
0MAXIMUM HEAD CHANGE FOR EACH ITERATION:
0 HEAD CHANGE LAYER,ROW,COL HEAD CHANGE LAYER,ROW,COL HEAD CHANGE LAYER,ROW,COL HEAD CHANGE LAYER,ROW,COL HEAD CHANGE LAYER,ROW,COL
 ------------------------------------------------------------------------------------------------------------------------------------
  -0.1113E-06 (  2,  1,  7)
0
0HEAD/DRAWDOWN PRINTOUT FLAG = 1     TOTAL BUDGET PRINTOUT FLAG = 0     CELL-BY-CELL FLOW TERM FLAG = 1
 REUSING PREVIOUS VALUES OF IOFLG
 "    C.B. STORAGE" BUDGET VALUES WILL BE SAVED ON UNIT 63 AT END OF TIME STEP 30, STRESS PERIOD  1
 "     FLOW IN TOP" BUDGET VALUES WILL BE SAVED ON UNIT 63 AT END OF TIME STEP 30, STRESS PERIOD  1
 "    FLOW IN BASE" BUDGET VALUES WILL BE SAVED ON UNIT 63 AT END OF TIME STEP 30, STRESS PERIOD  1
0DRAWDOWN WILL BE SAVED ON UNIT 61 AT END OF TIME STEP 30, STRESS PERIOD  1
     1 ITERATIONS FOR TIME STEP  31 IN STRESS PERIOD  1
0HEAD/DRAWDOWN PRINTOUT FLAG = 1     TOTAL BUDGET PRINTOUT FLAG = 0     CELL-BY-CELL FLOW TERM FLAG = 1
 REUSING PREVIOUS VALUES OF IOFLG
 "    C.B. STORAGE" BUDGET VALUES WILL BE SAVED ON UNIT 63 AT END OF TIME STEP 31, STRESS PERIOD  1
 "     FLOW IN TOP" BUDGET VALUES WILL BE SAVED ON UNIT 63 AT END OF TIME STEP 31, STRESS PERIOD  1
 "    FLOW IN BASE" BUDGET VALUES WILL BE SAVED ON UNIT 63 AT END OF TIME STEP 31, STRESS PERIOD  1
0DRAWDOWN WILL BE SAVED ON UNIT 61 AT END OF TIME STEP 31, STRESS PERIOD  1
     1 ITERATIONS FOR TIME STEP  32 IN STRESS PERIOD  1
0HEAD/DRAWDOWN PRINTOUT FLAG = 1     TOTAL BUDGET PRINTOUT FLAG = 0     CELL-BY-CELL FLOW TERM FLAG = 1
 REUSING PREVIOUS VALUES OF IOFLG
 "    C.B. STORAGE" BUDGET VALUES WILL BE SAVED ON UNIT 63 AT END OF TIME STEP 32, STRESS PERIOD  1
 "     FLOW IN TOP" BUDGET VALUES WILL BE SAVED ON UNIT 63 AT END OF TIME STEP 32, STRESS PERIOD  1
 "    FLOW IN BASE" BUDGET VALUES WILL BE SAVED ON UNIT 63 AT END OF TIME STEP 32, STRESS PERIOD  1
0DRAWDOWN WILL BE SAVED ON UNIT 61 AT END OF TIME STEP 32, STRESS PERIOD  1
     1 ITERATIONS FOR TIME STEP  33 IN STRESS PERIOD  1
0HEAD/DRAWDOWN PRINTOUT FLAG = 1     TOTAL BUDGET PRINTOUT FLAG = 0     CELL-BY-CELL FLOW TERM FLAG = 1
 REUSING PREVIOUS VALUES OF IOFLG
 "    C.B. STORAGE" BUDGET VALUES WILL BE SAVED ON UNIT 63 AT END OF TIME STEP 33, STRESS PERIOD  1
 "     FLOW IN TOP" BUDGET VALUES WILL BE SAVED ON UNIT 63 AT END OF TIME STEP 33, STRESS PERIOD  1
 "    FLOW IN BASE" BUDGET VALUES WILL BE SAVED ON UNIT 63 AT END OF TIME STEP 33, STRESS PERIOD  1
0DRAWDOWN WILL BE SAVED ON UNIT 61 AT END OF TIME STEP 33, STRESS PERIOD  1
     1 ITERATIONS FOR TIME STEP  34 IN STRESS PERIOD  1
0HEAD/DRAWDOWN PRINTOUT FLAG = 1     TOTAL BUDGET PRINTOUT FLAG = 0     CELL-BY-CELL FLOW TERM FLAG = 1
 REUSING PREVIOUS VALUES OF IOFLG
 "    C.B. STORAGE" BUDGET VALUES WILL BE SAVED ON UNIT 63 AT END OF TIME STEP 34, STRESS PERIOD  1
 "     FLOW IN TOP" BUDGET VALUES WILL BE SAVED ON UNIT 63 AT END OF TIME STEP 34, STRESS PERIOD  1
 "    FLOW IN BASE" BUDGET VALUES WILL BE SAVED ON UNIT 63 AT END OF TIME STEP 34, STRESS PERIOD  1
0DRAWDOWN WILL BE SAVED ON UNIT 61 AT END OF TIME STEP 34, STRESS PERIOD  1
     1 ITERATIONS FOR TIME STEP  35 IN STRESS PERIOD  1
0MAXIMUM HEAD CHANGE FOR EACH ITERATION:
0 HEAD CHANGE LAYER,ROW,COL HEAD CHANGE LAYER,ROW,COL HEAD CHANGE LAYER,ROW,COL HEAD CHANGE LAYER,ROW,COL HEAD CHANGE LAYER,ROW,COL
 ------------------------------------------------------------------------------------------------------------------------------------
  -0.2722E-07 (  2,  1,  7)
0
0HEAD/DRAWDOWN PRINTOUT FLAG = 1     TOTAL BUDGET PRINTOUT FLAG = 0     CELL-BY-CELL FLOW TERM FLAG = 1
 REUSING PREVIOUS VALUES OF IOFLG
 "    C.B. STORAGE" BUDGET VALUES WILL BE SAVED ON UNIT 63 AT END OF TIME STEP 35, STRESS PERIOD  1
 "     FLOW IN TOP" BUDGET VALUES WILL BE SAVED ON UNIT 63 AT END OF TIME STEP 35, STRESS PERIOD  1
 "    FLOW IN BASE" BUDGET VALUES WILL BE SAVED ON UNIT 63 AT END OF TIME STEP 35, STRESS PERIOD  1
0DRAWDOWN WILL BE SAVED ON UNIT 61 AT END OF TIME STEP 35, STRESS PERIOD  1
     1 ITERATIONS FOR TIME STEP  36 IN STRESS PERIOD  1
0HEAD/DRAWDOWN PRINTOUT FLAG = 1     TOTAL BUDGET PRINTOUT FLAG = 0     CELL-BY-CELL FLOW TERM FLAG = 1
 REUSING PREVIOUS VALUES OF IOFLG
 "    C.B. STORAGE" BUDGET VALUES WILL BE SAVED ON UNIT 63 AT END OF TIME STEP 36, STRESS PERIOD  1
 "     FLOW IN TOP" BUDGET VALUES WILL BE SAVED ON UNIT 63 AT END OF TIME STEP 36, STRESS PERIOD  1
 "    FLOW IN BASE" BUDGET VALUES WILL BE SAVED ON UNIT 63 AT END OF TIME STEP 36, STRESS PERIOD  1
0DRAWDOWN WILL BE SAVED ON UNIT 61 AT END OF TIME STEP 36, STRESS PERIOD  1
     1 ITERATIONS FOR TIME STEP  37 IN STRESS PERIOD  1
0HEAD/DRAWDOWN PRINTOUT FLAG = 1     TOTAL BUDGET PRINTOUT FLAG = 0     CELL-BY-CELL FLOW TERM FLAG = 1
 REUSING PREVIOUS VALUES OF IOFLG
 "    C.B. STORAGE" BUDGET VALUES WILL BE SAVED ON UNIT 63 AT END OF TIME STEP 37, STRESS PERIOD  1
 "     FLOW IN TOP" BUDGET VALUES WILL BE SAVED ON UNIT 63 AT END OF TIME STEP 37, STRESS PERIOD  1
 "    FLOW IN BASE" BUDGET VALUES WILL BE SAVED ON UNIT 63 AT END OF TIME STEP 37, STRESS PERIOD  1
0DRAWDOWN WILL BE SAVED ON UNIT 61 AT END OF TIME STEP 37, STRESS PERIOD  1
     1 ITERATIONS FOR TIME STEP  38 IN STRESS PERIOD  1
0HEAD/DRAWDOWN PRINTOUT FLAG = 1     TOTAL BUDGET PRINTOUT FLAG = 0     CELL-BY-CELL FLOW TERM FLAG = 1
 REUSING PREVIOUS VALUES OF IOFLG
 "    C.B. STORAGE" BUDGET VALUES WILL BE SAVED ON UNIT 63 AT END OF TIME STEP 38, STRESS PERIOD  1
 "     FLOW IN TOP" BUDGET VALUES WILL BE SAVED ON UNIT 63 AT END OF TIME STEP 38, STRESS PERIOD  1
 "    FLOW IN BASE" BUDGET VALUES WILL BE SAVED ON UNIT 63 AT END OF TIME STEP 38, STRESS PERIOD  1
0DRAWDOWN WILL BE SAVED ON UNIT 61 AT END OF TIME STEP 38, STRESS PERIOD  1
     1 ITERATIONS FOR TIME STEP  39 IN STRESS PERIOD  1
0HEAD/DRAWDOWN PRINTOUT FLAG = 1     TOTAL BUDGET PRINTOUT FLAG = 0     CELL-BY-CELL FLOW TERM FLAG = 1
 REUSING PREVIOUS VALUES OF IOFLG
 "    C.B. STORAGE" BUDGET VALUES WILL BE SAVED ON UNIT 63 AT END OF TIME STEP 39, STRESS PERIOD  1
 "     FLOW IN TOP" BUDGET VALUES WILL BE SAVED ON UNIT 63 AT END OF TIME STEP 39, STRESS PERIOD  1
 "    FLOW IN BASE" BUDGET VALUES WILL BE SAVED ON UNIT 63 AT END OF TIME STEP 39, STRESS PERIOD  1
0DRAWDOWN WILL BE SAVED ON UNIT 61 AT END OF TIME STEP 39, STRESS PERIOD  1
     1 ITERATIONS FOR TIME STEP  40 IN STRESS PERIOD  1
0MAXIMUM HEAD CHANGE FOR EACH ITERATION:
0 HEAD CHANGE LAYER,ROW,COL HEAD CHANGE LAYER,ROW,COL HEAD CHANGE LAYER,ROW,COL HEAD CHANGE LAYER,ROW,COL HEAD CHANGE LAYER,ROW,COL
 ------------------------------------------------------------------------------------------------------------------------------------
  -0.5622E-08 (  2,  1,  7)
0
0HEAD/DRAWDOWN PRINTOUT FLAG = 1     TOTAL BUDGET PRINTOUT FLAG = 1     CELL-BY-CELL FLOW TERM FLAG = 1
0OUTPUT FLAGS FOR EACH LAYER:
          HEAD    DRAWDOWN  HEAD  DRAWDOWN
 LAYER  PRINTOUT  PRINTOUT  SAVE    SAVE
 -----------------------------------------
    1       0         1       0       1
    2       0         1       0       1
    3       0         1       0       1
    4       0         1       0       1
 "    C.B. STORAGE" BUDGET VALUES WILL BE SAVED ON UNIT 63 AT END OF TIME STEP 40, STRESS PERIOD  1
 "     FLOW IN TOP" BUDGET VALUES WILL BE SAVED ON UNIT 63 AT END OF TIME STEP 40, STRESS PERIOD  1
 "    FLOW IN BASE" BUDGET VALUES WILL BE SAVED ON UNIT 63 AT END OF TIME STEP 40, STRESS PERIOD  1
1                  DRAWDOWN IN LAYER  1 AT END OF TIME STEP 40 IN STRESS PERIOD  1
           -----------------------------------------------------------------------

           1       2       3       4       5       6       7       8       9      10      11      12      13
 ................................................................................................................
0  1   0.0000 10.0000 10.0000 10.0000 10.0000 10.0000 10.0000 10.0000 10.0000 10.0000 10.0000 10.0000  0.0000
1                  DRAWDOWN IN LAYER  2 AT END OF TIME STEP 40 IN STRESS PERIOD  1
           -----------------------------------------------------------------------

           1       2       3       4       5       6       7       8       9      10      11      12      13
 ................................................................................................................
0  1   0.0000 10.0000 10.0000 10.0000 10.0000 10.0000 10.0000 10.0000 10.0000 10.0000 10.0000 10.0000  0.0000
1                  DRAWDOWN IN LAYER  3 AT END OF TIME STEP 40 IN STRESS PERIOD  1
           -----------------------------------------------------------------------

           1       2       3       4       5       6       7       8       9      10      11      12      13
 ................................................................................................................
0  1   0.0000 10.0000 10.0000 10.0000 10.0000 10.0000 10.0000 10.0000 10.0000 10.0000 10.0000 10.0000  0.0000
1                  DRAWDOWN IN LAYER  4 AT END OF TIME STEP 40 IN STRESS PERIOD  1
           -----------------------------------------------------------------------

           1       2       3       4       5       6       7       8       9      10      11      12      13
 ................................................................................................................
0  1   0.0000 10.0000 10.0000 10.0000 10.0000 10.0000 10.0000 10.0000 10.0000 10.0000 10.0000 10.0000  0.0000
0DRAWDOWN WILL BE SAVED ON UNIT 61 AT END OF TIME STEP 40, STRESS PERIOD  1
0


                              VOLUMETRIC BUDGET FOR ENTIRE MODEL AT END OF TIME STEP 40 IN STRESS PERIOD  1
                              -----------------------------------------------------------------------------
0                   CUMULATIVE VOLUMES      L**3                                     RATES FOR THIS TIME STEP      L**3/T
                    ------------------                                               ------------------------

                          IN:                                                                    IN:
                          ---                                                                    ---
                       C.B. STORAGE =    55000.                                               C.B. STORAGE =   0.00000E+00
                       C.H. LEAKAGE =   0.00000E+00                                           C.H. LEAKAGE =   0.00000E+00
                            STORAGE =    88000.                                                    STORAGE =   0.00000E+00
                      CONSTANT HEAD =   0.94736E+06                                          CONSTANT HEAD =    10000.    
0                          TOTAL IN =   0.10904E+07                                               TOTAL IN =    10000.    
0                        OUT:                                                                   OUT:
                         ----                                                                   ----
                       C.B. STORAGE =   0.12024                                               C.B. STORAGE =   0.31738E-02
                       C.H. LEAKAGE =   0.00000E+00                                           C.H. LEAKAGE =   0.00000E+00
                            STORAGE =   0.00000E+00                                                STORAGE =   0.00000E+00
                      CONSTANT HEAD =   0.10904E+07                                          CONSTANT HEAD =    10000.    
0                         TOTAL OUT =   0.10904E+07                                              TOTAL OUT =    10000.    
0                          IN - OUT =   -1.1250                                                   IN - OUT =  -0.87891E-02
0               PERCENT DISCREPANCY =                0.00                              PERCENT DISCREPANCY =                0.00



0


          TIME SUMMARY AT END OF TIME STEP 40 IN STRESS PERIOD  1
                               SECONDS        MINUTES         HOURS          DAYS           YEARS
                           ---------------------------------------------------------------------------
      TIME STEP LENGTH         216000.        3600.00        60.0000        2.50000       0.684463E-02
    STRESS PERIOD TIME        0.864000E+07    144000.        2400.00        100.000       0.273785    
 TOTAL SIMULATION TIME        0.864000E+07    144000.        2400.00        100.000       0.273785    
1
